<?xml version="1.0" encoding="UTF-8"?>
<!-- Generated by org.testng.reporters.JUnitXMLReporter -->
<testsuite ignored="0" hostname="DESKTOP-1UR5ED5" failures="0" tests="4" name="Test" time="3.725" errors="0" timestamp="2023-10-21T17:45:30 IST">
  <testcase classname="com.qa.apichaining.CreateUser" name="createUserTest" time="2.544"/>
  <testcase classname="com.qa.apichaining.GetUser" name="getUserTest" time="0.545"/>
  <testcase classname="com.qa.apichaining.UpdateUser" name="updateUserTest" time="0.341"/>
  <testcase classname="com.qa.apichaining.DeleteUser" name="deleteUserTest" time="0.228"/>
</testsuite> <!-- Test -->
