<?xml version="1.0" encoding="UTF-8"?>
<testng-results ignored="0" total="1" passed="1" failed="0" skipped="0">
  <reporter-output>
  </reporter-output>
  <suite started-at="2023-10-18T17:34:18 IST" name="Default suite" finished-at="2023-10-18T17:34:19 IST" duration-ms="309">
    <groups>
    </groups>
    <test started-at="2023-10-18T17:34:18 IST" name="Default test" finished-at="2023-10-18T17:34:19 IST" duration-ms="309">
      <class name="com.qa.raf.Serialanddes">
        <test-method signature="convertToPOJO()[pri:0, instance:com.qa.raf.Serialanddes@659499f1]" started-at="2023-10-18T17:34:18 IST" name="convertToPOJO" finished-at="2023-10-18T17:34:19 IST" duration-ms="254" status="PASS">
          <reporter-output>
          </reporter-output>
        </test-method> <!-- convertToPOJO -->
      </class> <!-- com.qa.raf.Serialanddes -->
    </test> <!-- Default test -->
  </suite> <!-- Default suite -->
</testng-results>
